<?xml version="1.0" encoding="UTF-8"?>
<!-- Generated by org.testng.reporters.JUnitReportReporter -->
<testsuite hostname="LAPTOP-PEF5ST8I" failures="0" tests="1" name="TestBase.FlightBookTest" time="14.074" errors="0" timestamp="2024-03-14T00:09:15 IST" skipped="0">
  <testcase classname="TestBase.FlightBookTest" name="loginpage" time="14.074"/>
  <system-out/>
</testsuite> <!-- TestBase.FlightBookTest -->
